<?xml version="1.0" encoding="UTF-8"?>
<testng-results ignored="0" total="1" passed="1" failed="0" skipped="0">
  <reporter-output>
  </reporter-output>
  <suite started-at="2024-02-28T11:28:09 IST" name="Suite" finished-at="2024-02-28T11:28:16 IST" duration-ms="7363">
    <groups>
    </groups>
    <test started-at="2024-02-28T11:28:09 IST" name="Test" finished-at="2024-02-28T11:28:16 IST" duration-ms="7363">
      <class name="TestNG.softassert_eg">
        <test-method signature="testassert()[pri:0, instance:TestNG.softassert_eg@74455848]" started-at="2024-02-28T11:28:09 IST" name="testassert" finished-at="2024-02-28T11:28:16 IST" duration-ms="7334" status="PASS">
          <reporter-output>
          </reporter-output>
        </test-method> <!-- testassert -->
      </class> <!-- TestNG.softassert_eg -->
    </test> <!-- Test -->
  </suite> <!-- Suite -->
</testng-results>
