<?xml version="1.0" encoding="UTF-8"?>
<testng-results ignored="0" total="1" passed="1" failed="0" skipped="0">
  <reporter-output>
  </reporter-output>
  <suite started-at="2024-02-27T11:47:31 IST" name="Failed suite [Suite]" finished-at="2024-02-27T11:47:36 IST" duration-ms="4361">
    <groups>
    </groups>
    <test started-at="2024-02-27T11:47:31 IST" name="Test(failed)" finished-at="2024-02-27T11:47:36 IST" duration-ms="4361">
      <class name="TestNG.listner_failed_TC">
        <test-method signature="toCheckFailedtc_listner()[pri:0, instance:TestNG.listner_failed_TC@a530d0a]" started-at="2024-02-27T11:47:31 IST" name="toCheckFailedtc_listner" finished-at="2024-02-27T11:47:36 IST" duration-ms="4316" status="PASS">
          <reporter-output>
          </reporter-output>
        </test-method> <!-- toCheckFailedtc_listner -->
      </class> <!-- TestNG.listner_failed_TC -->
    </test> <!-- Test(failed) -->
  </suite> <!-- Failed suite [Suite] -->
</testng-results>
