<?xml version="1.0" encoding="UTF-8"?>
<testng-results ignored="0" total="1" passed="1" failed="0" skipped="0">
  <reporter-output>
  </reporter-output>
  <suite started-at="2024-02-28T11:26:38 IST" name="Default suite" finished-at="2024-02-28T11:26:45 IST" duration-ms="6253">
    <groups>
    </groups>
    <test started-at="2024-02-28T11:26:38 IST" name="Default test" finished-at="2024-02-28T11:26:45 IST" duration-ms="6253">
      <class name="TestNG.softassert_eg">
        <test-method signature="testassert()[pri:0, instance:TestNG.softassert_eg@47987356]" started-at="2024-02-28T11:26:38 IST" name="testassert" finished-at="2024-02-28T11:26:45 IST" duration-ms="6215" status="PASS">
          <reporter-output>
          </reporter-output>
        </test-method> <!-- testassert -->
      </class> <!-- TestNG.softassert_eg -->
    </test> <!-- Default test -->
  </suite> <!-- Default suite -->
</testng-results>
